[2026-06-01 10:22:55] ================================================================================
[2026-06-01 10:22:55] [DummyScorerV2] Load model
[2026-06-01 10:22:55] ================================================================================
[2026-06-01 10:22:55] [Model] name=DummyScorerV2
[2026-06-01 10:22:55] [Model] weight_path=weights/dummy_scorer_rule_based.pth
[2026-06-01 10:22:55] [Model] device=cpu
[2026-06-01 10:22:55] [Model] input_size=224
[2026-06-01 10:22:55] [Model] weight_status=not_found, using rule-based dummy scorer
[2026-06-01 10:22:55] [Model] load_status=success
[2026-06-01 10:23:52] ================================================================================
[2026-06-01 10:23:52] [SmartPlace] Start one demo inference
[2026-06-01 10:23:52] ================================================================================
[2026-06-01 10:23:52] [Input] background_size=(1448, 1086)
[2026-06-01 10:23:52] [Input] original_foreground_size=(1254, 1254)
[2026-06-01 10:23:52] [Input] resized_foreground_size=(506, 506)
[2026-06-01 10:23:52] [Param] candidate_count=9
[2026-06-01 10:23:52] [Param] scale=0.35
[2026-06-01 10:23:52] [Param] top_k=3
[2026-06-01 10:23:52] [Param] filter_out_of_bounds=True
[2026-06-01 10:23:52] ================================================================================
[2026-06-01 10:23:52] [DummyScorerV2] Batch inference
[2026-06-01 10:23:52] ================================================================================
[2026-06-01 10:23:52] [Inference] candidate_id=1, input_tensor_shape=(1, 3, 224, 224), raw_output=0.610401, score=0.610401, inference_time=0.004000s
[2026-06-01 10:23:52] [Inference] candidate_id=2, input_tensor_shape=(1, 3, 224, 224), raw_output=0.782500, score=0.782500, inference_time=0.004014s
[2026-06-01 10:23:52] [Inference] candidate_id=3, input_tensor_shape=(1, 3, 224, 224), raw_output=0.610401, score=0.610401, inference_time=0.004006s
[2026-06-01 10:23:52] [Inference] candidate_id=4, input_tensor_shape=(1, 3, 224, 224), raw_output=0.750401, score=0.750401, inference_time=0.004995s
[2026-06-01 10:23:52] [Inference] candidate_id=5, input_tensor_shape=(1, 3, 224, 224), raw_output=0.922500, score=0.922500, inference_time=0.006003s
[2026-06-01 10:23:52] [Inference] candidate_id=6, input_tensor_shape=(1, 3, 224, 224), raw_output=0.750401, score=0.750401, inference_time=0.005006s
[2026-06-01 10:23:52] [Inference] candidate_id=7, input_tensor_shape=(1, 3, 224, 224), raw_output=0.750401, score=0.750401, inference_time=0.005513s
[2026-06-01 10:23:52] [Inference] candidate_id=8, input_tensor_shape=(1, 3, 224, 224), raw_output=0.922500, score=0.922500, inference_time=0.005565s
[2026-06-01 10:23:52] [Inference] candidate_id=9, input_tensor_shape=(1, 3, 224, 224), raw_output=0.750401, score=0.750401, inference_time=0.006002s
[2026-06-01 10:23:52] [BatchInference] batch_size=9, scores=[0.610401, 0.7825, 0.610401, 0.750401, 0.9225, 0.750401, 0.750401, 0.9225, 0.750401], batch_time=0.048454s
[2026-06-01 10:23:54] [SmartPlace] Inference finished.
[2026-06-01 10:23:54] [Output] score_table_saved=outputs\tables\20260601_102354_scores.csv
[2026-06-01 10:23:54] [Output] report_saved=report\results\smartplace_run_report_20260601_102354.md
[2026-06-01 10:23:54] [Output] metadata_saved=report\results\smartplace_metadata_20260601_102354.json
[2026-06-01 10:23:54] [Output] log_file=outputs\logs\inference_20260601_102255.log
