[2026-06-01 10:07:10] ================================================================================
[2026-06-01 10:07:10] [DummyScorerV2] Load model
[2026-06-01 10:07:10] ================================================================================
[2026-06-01 10:07:10] [Model] name=DummyScorerV2
[2026-06-01 10:07:10] [Model] weight_path=weights/dummy_scorer_rule_based.pth
[2026-06-01 10:07:10] [Model] device=cpu
[2026-06-01 10:07:10] [Model] input_size=224
[2026-06-01 10:07:10] [Model] weight_status=not_found, using rule-based dummy scorer
[2026-06-01 10:07:10] [Model] load_status=success
[2026-06-01 10:07:33] ================================================================================
[2026-06-01 10:07:33] [SmartPlace] Start one demo inference
[2026-06-01 10:07:33] ================================================================================
[2026-06-01 10:07:33] [Input] background_size=(1448, 1086)
[2026-06-01 10:07:33] [Input] original_foreground_size=(1254, 1254)
[2026-06-01 10:07:33] [Input] resized_foreground_size=(506, 506)
[2026-06-01 10:07:33] [Param] candidate_count=9
[2026-06-01 10:07:33] [Param] scale=0.35
[2026-06-01 10:07:33] [Param] top_k=3
[2026-06-01 10:07:33] [Param] filter_out_of_bounds=True
[2026-06-01 10:07:34] ================================================================================
[2026-06-01 10:07:34] [DummyScorerV2] Batch inference
[2026-06-01 10:07:34] ================================================================================
[2026-06-01 10:07:34] [Inference] candidate_id=1, input_tensor_shape=(1, 3, 224, 224), raw_output=0.610401, score=0.610401, inference_time=0.005996s
[2026-06-01 10:07:34] [Inference] candidate_id=2, input_tensor_shape=(1, 3, 224, 224), raw_output=0.782500, score=0.782500, inference_time=0.007549s
[2026-06-01 10:07:34] [Inference] candidate_id=3, input_tensor_shape=(1, 3, 224, 224), raw_output=0.610401, score=0.610401, inference_time=0.005716s
[2026-06-01 10:07:34] [Inference] candidate_id=4, input_tensor_shape=(1, 3, 224, 224), raw_output=0.750401, score=0.750401, inference_time=0.007009s
[2026-06-01 10:07:34] [Inference] candidate_id=5, input_tensor_shape=(1, 3, 224, 224), raw_output=0.922500, score=0.922500, inference_time=0.006297s
[2026-06-01 10:07:34] [Inference] candidate_id=6, input_tensor_shape=(1, 3, 224, 224), raw_output=0.750401, score=0.750401, inference_time=0.006996s
[2026-06-01 10:07:34] [Inference] candidate_id=7, input_tensor_shape=(1, 3, 224, 224), raw_output=0.750401, score=0.750401, inference_time=0.006022s
[2026-06-01 10:07:34] [Inference] candidate_id=8, input_tensor_shape=(1, 3, 224, 224), raw_output=0.922500, score=0.922500, inference_time=0.004996s
[2026-06-01 10:07:34] [Inference] candidate_id=9, input_tensor_shape=(1, 3, 224, 224), raw_output=0.750401, score=0.750401, inference_time=0.006006s
[2026-06-01 10:07:34] [BatchInference] batch_size=9, scores=[0.610401, 0.7825, 0.610401, 0.750401, 0.9225, 0.750401, 0.750401, 0.9225, 0.750401], batch_time=0.060760s
[2026-06-01 10:07:35] [SmartPlace] Inference finished.
[2026-06-01 10:07:35] [Output] score_table_saved=outputs\tables\20260601_100735_scores.csv
[2026-06-01 10:07:35] [Output] log_file=outputs\logs\inference_20260601_100710.log
